<?xml version="1.0" encoding="UTF-8"?>
<testng-results ignored="0" total="1" passed="1" failed="0" skipped="0">
  <reporter-output>
  </reporter-output>
  <suite started-at="2022-07-29T08:13:10 IST" name="Default suite" finished-at="2022-07-29T08:13:18 IST" duration-ms="8519">
    <groups>
    </groups>
    <test started-at="2022-07-29T08:13:10 IST" name="Default test" finished-at="2022-07-29T08:13:18 IST" duration-ms="8519">
      <class name="Rahulshettyacademy.ReportsReorts.ExtentReportsDemo">
        <test-method is-config="true" signature="config()[pri:0, instance:Rahulshettyacademy.ReportsReorts.ExtentReportsDemo@15ff3e9e]" started-at="2022-07-29T08:13:10 IST" name="config" finished-at="2022-07-29T08:13:10 IST" duration-ms="146" status="PASS">
          <reporter-output>
          </reporter-output>
        </test-method> <!-- config -->
        <test-method signature="initialDemo()[pri:0, instance:Rahulshettyacademy.ReportsReorts.ExtentReportsDemo@15ff3e9e]" started-at="2022-07-29T08:13:10 IST" name="initialDemo" finished-at="2022-07-29T08:13:18 IST" duration-ms="8347" status="PASS">
          <reporter-output>
          </reporter-output>
        </test-method> <!-- initialDemo -->
      </class> <!-- Rahulshettyacademy.ReportsReorts.ExtentReportsDemo -->
    </test> <!-- Default test -->
  </suite> <!-- Default suite -->
</testng-results>
